{
  "stats": {
    "suites": 1,
    "tests": 1,
    "passes": 1,
    "pending": 0,
    "failures": 0,
    "start": "2021-09-03T11:00:48.483Z",
    "end": "2021-09-03T11:01:02.376Z",
    "duration": 13893,
    "testsRegistered": 1,
    "passPercent": 100,
    "pendingPercent": 0,
    "other": 0,
    "hasOther": false,
    "skipped": 0,
    "hasSkipped": false
  },
  "results": [
    {
      "uuid": "464050ae-112a-4ca4-b890-7e5851980388",
      "title": "",
      "fullFile": "cypress/integration/Test8Framework.js",
      "file": "cypress/integration/Test8Framework.js",
      "beforeHooks": [],
      "afterHooks": [],
      "tests": [],
      "suites": [
        {
          "uuid": "dcc617fe-ce73-4d41-9562-5cf860c0066a",
          "title": "My second Test Suite",
          "fullFile": "",
          "file": "",
          "beforeHooks": [],
          "afterHooks": [],
          "tests": [
            {
              "title": "my first test",
              "fullTitle": "My second Test Suite my first test",
              "timedOut": null,
              "duration": 12107,
              "state": "passed",
              "speed": "slow",
              "pass": true,
              "fail": false,
              "pending": false,
              "context": null,
              "code": "const homepage = new _HomePage.default();\nconst productpage = new _productPage.default();\ncy.visit(Cypress.env('url'));\nhomepage.getEditBox().type(this.data.name);\nhomepage.getGender().select(this.data.gender);\nhomepage.getTwoWayDataBinding().should('have.value', this.data.name);\nhomepage.getEditBox().should('have.attr', 'minlength', '2');\nhomepage.getEnterpreneaur().should('be.disabled');\nhomepage.getShopTab().click();\nthis.data.productName.forEach(function (element) {\n  cy.selectProduct(element);\n});\nproductpage.getcheckout().click();\nvar sum = 0;\ncy.get('tr td:nth-child(4) strong').as('check');\ncy.get('@check').should('have.length', '3');\ncy.get('@check').each(($el, index, $list) => {\n  const actualprice = $el.text();\n  var res = actualprice.split(\" \");\n  res = res[1].trim();\n  sum = Number(sum) + Number(res);\n}).then(function () {\n  cy.log(sum);\n});\ncy.get('h3 strong').then(function (element) {\n  const amount = element.text();\n  var total = amount.split(\" \");\n  total = total[1].trim();\n  expect(Number(total)).to.equal(sum);\n});\nproductpage.getcheckoutbtn().click();\nproductpage.getcountrybox().type(this.data.country);\ncy.wait(5000);\nproductpage.getindia().click();\nproductpage.getcheckbox().check({\n  force: true\n});\nproductpage.getpurchasebtn().click(); //productpage.getSuccesstxt().should('have.text','Success! Thank you! Your order will be delivered in next few weeks :-).')\nproductpage.getSuccesstxt().then(function (element) {\n  const actualtext = element.text();\n  expect(actualtext.includes(\"Success\")).to.be.true;\n});",
              "err": {},
              "uuid": "6f122d2b-11ed-46dd-a767-bcafc60b9e3d",
              "parentUUID": "dcc617fe-ce73-4d41-9562-5cf860c0066a",
              "isHook": false,
              "skipped": false
            }
          ],
          "suites": [],
          "passes": [
            "6f122d2b-11ed-46dd-a767-bcafc60b9e3d"
          ],
          "failures": [],
          "pending": [],
          "skipped": [],
          "duration": 12107,
          "root": false,
          "rootEmpty": false,
          "_timeout": 2000
        }
      ],
      "passes": [],
      "failures": [],
      "pending": [],
      "skipped": [],
      "duration": 0,
      "root": true,
      "rootEmpty": true,
      "_timeout": 2000
    }
  ],
  "meta": {
    "mocha": {
      "version": "7.0.1"
    },
    "mochawesome": {
      "options": {
        "quiet": false,
        "reportFilename": "mochawesome",
        "saveHtml": true,
        "saveJson": true,
        "consoleReporter": "spec",
        "useInlineDiffs": false,
        "code": true
      },
      "version": "6.2.2"
    },
    "marge": {
      "options": null,
      "version": "5.2.0"
    }
  }
}